[2025-03-21T19:20:48.768Z] Master process 94413 is running
[2025-03-21T19:21:18.778Z] Cluster uptime: 30.358706459 seconds with 11 active workers
[2025-03-21T19:21:48.779Z] Cluster uptime: 60.359802167 seconds with 11 active workers
[2025-03-21T19:21:53.121Z] Master received SIGTERM, shutting down gracefully...
[2025-03-21T19:21:53.179Z] Worker 94419 died with code 0 and signal null
[2025-03-21T19:21:53.180Z] New worker 94472 started to replace dead worker 94419
[2025-03-21T19:21:53.180Z] Worker 94421 died with code 0 and signal null
[2025-03-21T19:21:53.181Z] New worker 94473 started to replace dead worker 94421
[2025-03-21T19:21:53.182Z] Worker 94414 died with code 0 and signal null
[2025-03-21T19:21:53.183Z] New worker 94474 started to replace dead worker 94414
[2025-03-21T19:21:53.183Z] Worker 94417 died with code 0 and signal null
[2025-03-21T19:21:53.184Z] New worker 94475 started to replace dead worker 94417
[2025-03-21T19:21:53.184Z] Worker 94418 died with code 0 and signal null
[2025-03-21T19:21:53.185Z] New worker 94476 started to replace dead worker 94418
[2025-03-21T19:21:53.185Z] Worker 94420 died with code 0 and signal null
[2025-03-21T19:21:53.186Z] New worker 94477 started to replace dead worker 94420
[2025-03-21T19:21:53.186Z] Worker 94424 died with code 0 and signal null
[2025-03-21T19:21:53.186Z] New worker 94478 started to replace dead worker 94424
[2025-03-21T19:21:53.186Z] Worker 94415 died with code 0 and signal null
[2025-03-21T19:21:53.186Z] New worker 94479 started to replace dead worker 94415
[2025-03-21T19:21:53.186Z] Worker 94416 died with code 0 and signal null
[2025-03-21T19:21:53.187Z] New worker 94480 started to replace dead worker 94416
[2025-03-21T19:21:53.187Z] Worker 94422 died with code 0 and signal null
[2025-03-21T19:21:53.187Z] New worker 94481 started to replace dead worker 94422
[2025-03-21T19:21:53.187Z] Worker 94423 died with code 0 and signal null
[2025-03-21T19:21:53.187Z] New worker 94482 started to replace dead worker 94423
[2025-03-21T19:21:58.335Z] Master process 94525 is running
[2025-03-21T19:21:58.776Z] Master received SIGTERM, shutting down gracefully...
[2025-03-21T19:22:03.985Z] Master process 94549 is running
[2025-03-21T19:22:04.421Z] Master received SIGTERM, shutting down gracefully...
[2025-03-21T19:22:11.588Z] Master process 94585 is running
[2025-03-21T19:22:41.597Z] Cluster uptime: 30.377723583 seconds with 11 active workers
[2025-03-21T19:22:57.306Z] Master received SIGTERM, shutting down gracefully...
[2025-03-21T19:22:57.379Z] Worker 94587 died with code 0 and signal null
[2025-03-21T19:22:57.380Z] New worker 94672 started to replace dead worker 94587
[2025-03-21T19:22:57.380Z] Worker 94590 died with code 0 and signal null
[2025-03-21T19:22:57.381Z] New worker 94673 started to replace dead worker 94590
[2025-03-21T19:22:57.381Z] Worker 94592 died with code 0 and signal null
[2025-03-21T19:22:57.382Z] New worker 94674 started to replace dead worker 94592
[2025-03-21T19:22:57.382Z] Worker 94596 died with code 0 and signal null
[2025-03-21T19:22:57.382Z] New worker 94675 started to replace dead worker 94596
[2025-03-21T19:22:57.382Z] Worker 94588 died with code 0 and signal null
[2025-03-21T19:22:57.383Z] New worker 94676 started to replace dead worker 94588
[2025-03-21T19:22:57.383Z] Worker 94589 died with code 0 and signal null
[2025-03-21T19:22:57.383Z] New worker 94677 started to replace dead worker 94589
[2025-03-21T19:22:57.383Z] Worker 94591 died with code 0 and signal null
[2025-03-21T19:22:57.384Z] New worker 94678 started to replace dead worker 94591
[2025-03-21T19:22:57.384Z] Worker 94593 died with code 0 and signal null
[2025-03-21T19:22:57.384Z] New worker 94679 started to replace dead worker 94593
[2025-03-21T19:22:57.384Z] Worker 94594 died with code 0 and signal null
[2025-03-21T19:22:57.385Z] New worker 94680 started to replace dead worker 94594
[2025-03-21T19:22:57.385Z] Worker 94595 died with code 0 and signal null
[2025-03-21T19:22:57.387Z] New worker 94681 started to replace dead worker 94595
[2025-03-21T19:22:57.387Z] Worker 94597 died with code 0 and signal null
[2025-03-21T19:22:57.388Z] New worker 94682 started to replace dead worker 94597
[2025-03-21T19:23:02.527Z] Master process 94699 is running
[2025-03-21T19:23:21.279Z] Master received SIGTERM, shutting down gracefully...
[2025-03-21T19:23:21.342Z] Worker 94700 died with code 0 and signal null
[2025-03-21T19:23:21.345Z] New worker 94723 started to replace dead worker 94700
[2025-03-21T19:23:21.345Z] Worker 94710 died with code 0 and signal null
[2025-03-21T19:23:21.345Z] New worker 94724 started to replace dead worker 94710
[2025-03-21T19:23:21.346Z] Worker 94701 died with code 0 and signal null
[2025-03-21T19:23:21.346Z] New worker 94725 started to replace dead worker 94701
[2025-03-21T19:23:21.346Z] Worker 94702 died with code 0 and signal null
[2025-03-21T19:23:21.347Z] New worker 94726 started to replace dead worker 94702
[2025-03-21T19:23:21.347Z] Worker 94703 died with code 0 and signal null
[2025-03-21T19:23:21.348Z] New worker 94727 started to replace dead worker 94703
[2025-03-21T19:23:21.348Z] Worker 94704 died with code 0 and signal null
[2025-03-21T19:23:21.349Z] New worker 94728 started to replace dead worker 94704
[2025-03-21T19:23:21.349Z] Worker 94705 died with code 0 and signal null
[2025-03-21T19:23:21.349Z] New worker 94729 started to replace dead worker 94705
[2025-03-21T19:23:21.350Z] Worker 94706 died with code 0 and signal null
[2025-03-21T19:23:21.351Z] New worker 94730 started to replace dead worker 94706
[2025-03-21T19:23:21.353Z] Worker 94707 died with code 0 and signal null
[2025-03-21T19:23:21.354Z] New worker 94731 started to replace dead worker 94707
[2025-03-21T19:23:21.354Z] Worker 94709 died with code 0 and signal null
[2025-03-21T19:23:21.355Z] New worker 94732 started to replace dead worker 94709
[2025-03-21T19:23:21.355Z] Worker 94708 died with code 0 and signal null
[2025-03-21T19:23:21.355Z] New worker 94733 started to replace dead worker 94708
[2025-03-21T19:23:26.495Z] Master process 94740 is running
[2025-03-21T19:23:50.231Z] Master received SIGTERM, shutting down gracefully...
[2025-03-21T19:23:50.294Z] Worker 94743 died with code 0 and signal null
[2025-03-21T19:23:50.297Z] New worker 94766 started to replace dead worker 94743
[2025-03-21T19:23:50.298Z] Worker 94741 died with code 0 and signal null
[2025-03-21T19:23:50.298Z] New worker 94767 started to replace dead worker 94741
[2025-03-21T19:23:50.298Z] Worker 94745 died with code 0 and signal null
[2025-03-21T19:23:50.299Z] New worker 94768 started to replace dead worker 94745
[2025-03-21T19:23:50.300Z] Worker 94746 died with code 0 and signal null
[2025-03-21T19:23:50.300Z] New worker 94769 started to replace dead worker 94746
[2025-03-21T19:23:50.301Z] Worker 94747 died with code 0 and signal null
[2025-03-21T19:23:50.301Z] New worker 94770 started to replace dead worker 94747
[2025-03-21T19:23:50.301Z] Worker 94748 died with code 0 and signal null
[2025-03-21T19:23:50.302Z] New worker 94771 started to replace dead worker 94748
[2025-03-21T19:23:50.302Z] Worker 94749 died with code 0 and signal null
[2025-03-21T19:23:50.303Z] New worker 94772 started to replace dead worker 94749
[2025-03-21T19:23:50.304Z] Worker 94742 died with code 0 and signal null
[2025-03-21T19:23:50.304Z] New worker 94773 started to replace dead worker 94742
[2025-03-21T19:23:50.304Z] Worker 94744 died with code 0 and signal null
[2025-03-21T19:23:50.304Z] New worker 94774 started to replace dead worker 94744
[2025-03-21T19:23:50.305Z] Worker 94750 died with code 0 and signal null
[2025-03-21T19:23:50.305Z] New worker 94775 started to replace dead worker 94750
[2025-03-21T19:23:50.305Z] Worker 94751 died with code 0 and signal null
[2025-03-21T19:23:50.306Z] New worker 94776 started to replace dead worker 94751
[2025-03-21T19:23:55.465Z] Master process 94783 is running
[2025-03-21T19:24:13.691Z] Master received SIGTERM, shutting down gracefully...
[2025-03-21T19:24:13.756Z] Worker 94793 died with code 0 and signal null
[2025-03-21T19:24:13.757Z] New worker 94812 started to replace dead worker 94793
[2025-03-21T19:24:13.758Z] Worker 94788 died with code 0 and signal null
[2025-03-21T19:24:13.759Z] New worker 94813 started to replace dead worker 94788
[2025-03-21T19:24:13.759Z] Worker 94789 died with code 0 and signal null
[2025-03-21T19:24:13.760Z] New worker 94814 started to replace dead worker 94789
[2025-03-21T19:24:13.760Z] Worker 94790 died with code 0 and signal null
[2025-03-21T19:24:13.760Z] New worker 94815 started to replace dead worker 94790
[2025-03-21T19:24:13.760Z] Worker 94791 died with code 0 and signal null
[2025-03-21T19:24:13.761Z] New worker 94816 started to replace dead worker 94791
[2025-03-21T19:24:13.761Z] Worker 94795 died with code 0 and signal null
[2025-03-21T19:24:13.761Z] New worker 94817 started to replace dead worker 94795
[2025-03-21T19:24:13.761Z] Worker 94786 died with code 0 and signal null
[2025-03-21T19:24:13.761Z] New worker 94818 started to replace dead worker 94786
[2025-03-21T19:24:13.762Z] Worker 94787 died with code 0 and signal null
[2025-03-21T19:24:13.762Z] New worker 94819 started to replace dead worker 94787
[2025-03-21T19:24:13.762Z] Worker 94792 died with code 0 and signal null
[2025-03-21T19:24:13.763Z] New worker 94820 started to replace dead worker 94792
[2025-03-21T19:24:13.763Z] Worker 94794 died with code 0 and signal null
[2025-03-21T19:24:13.764Z] New worker 94821 started to replace dead worker 94794
[2025-03-21T19:24:13.771Z] Worker 94796 died with code 0 and signal null
[2025-03-21T19:24:13.772Z] New worker 94822 started to replace dead worker 94796
[2025-03-21T19:24:18.882Z] Master process 94838 is running
[2025-03-21T19:24:20.402Z] Master received SIGTERM, shutting down gracefully...
[2025-03-21T19:24:25.599Z] Master process 94865 is running
[2025-03-21T19:24:29.893Z] Master received SIGTERM, shutting down gracefully...
[2025-03-21T19:24:35.145Z] Master process 95128 is running
[2025-03-21T19:24:35.155Z] Master received SIGTERM, shutting down gracefully...
[2025-03-21T19:24:40.386Z] Master process 95217 is running
[2025-03-21T19:25:10.395Z] Cluster uptime: 30.200224542 seconds with 11 active workers
[2025-03-21T19:25:18.393Z] Master received SIGTERM, shutting down gracefully...
[2025-03-21T19:25:18.451Z] Worker 95223 died with code 0 and signal null
[2025-03-21T19:25:18.453Z] New worker 95298 started to replace dead worker 95223
[2025-03-21T19:25:18.453Z] Worker 95231 died with code 0 and signal null
[2025-03-21T19:25:18.455Z] New worker 95299 started to replace dead worker 95231
[2025-03-21T19:25:18.455Z] Worker 95222 died with code 0 and signal null
[2025-03-21T19:25:18.456Z] New worker 95300 started to replace dead worker 95222
[2025-03-21T19:25:18.456Z] Worker 95224 died with code 0 and signal null
[2025-03-21T19:25:18.456Z] New worker 95301 started to replace dead worker 95224
[2025-03-21T19:25:18.456Z] Worker 95225 died with code 0 and signal null
[2025-03-21T19:25:18.457Z] New worker 95302 started to replace dead worker 95225
[2025-03-21T19:25:18.457Z] Worker 95226 died with code 0 and signal null
[2025-03-21T19:25:18.457Z] New worker 95303 started to replace dead worker 95226
[2025-03-21T19:25:18.457Z] Worker 95227 died with code 0 and signal null
[2025-03-21T19:25:18.458Z] New worker 95304 started to replace dead worker 95227
[2025-03-21T19:25:18.458Z] Worker 95229 died with code 0 and signal null
[2025-03-21T19:25:18.458Z] New worker 95305 started to replace dead worker 95229
[2025-03-21T19:25:18.458Z] Worker 95232 died with code 0 and signal null
[2025-03-21T19:25:18.458Z] New worker 95306 started to replace dead worker 95232
[2025-03-21T19:25:18.458Z] Worker 95228 died with code 0 and signal null
[2025-03-21T19:25:18.459Z] New worker 95307 started to replace dead worker 95228
[2025-03-21T19:25:18.459Z] Worker 95230 died with code 0 and signal null
[2025-03-21T19:25:18.459Z] New worker 95308 started to replace dead worker 95230
[2025-03-21T19:25:23.622Z] Master process 95315 is running
[2025-03-21T19:25:53.637Z] Cluster uptime: 30.1950375 seconds with 11 active workers
[2025-03-21T19:26:23.639Z] Cluster uptime: 60.19568525 seconds with 11 active workers
[2025-03-21T19:26:53.641Z] Cluster uptime: 90.1967545 seconds with 11 active workers
[2025-03-21T19:27:23.642Z] Cluster uptime: 120.197632167 seconds with 11 active workers
[2025-03-21T19:27:53.643Z] Cluster uptime: 150.198645792 seconds with 11 active workers
[2025-03-21T19:28:23.644Z] Cluster uptime: 180.19852025 seconds with 11 active workers
[2025-03-21T19:28:53.645Z] Cluster uptime: 210.199979833 seconds with 11 active workers
[2025-03-21T19:29:23.646Z] Cluster uptime: 240.200079417 seconds with 11 active workers
[2025-03-21T19:29:53.646Z] Cluster uptime: 270.200245042 seconds with 11 active workers
[2025-03-21T19:30:23.648Z] Cluster uptime: 300.201402 seconds with 11 active workers
[2025-03-21T19:30:53.649Z] Cluster uptime: 330.202774542 seconds with 11 active workers
[2025-03-21T19:31:23.649Z] Cluster uptime: 360.202443 seconds with 11 active workers
[2025-03-21T19:31:51.166Z] Master received SIGTERM, shutting down gracefully...
[2025-03-21T19:31:51.234Z] Worker 95320 died with code 0 and signal null
[2025-03-21T19:31:51.236Z] New worker 96212 started to replace dead worker 95320
[2025-03-21T19:31:51.237Z] Worker 95322 died with code 0 and signal null
[2025-03-21T19:31:51.237Z] New worker 96213 started to replace dead worker 95322
[2025-03-21T19:31:51.238Z] Worker 95316 died with code 0 and signal null
[2025-03-21T19:31:51.238Z] New worker 96214 started to replace dead worker 95316
[2025-03-21T19:31:51.239Z] Worker 95318 died with code 0 and signal null
[2025-03-21T19:31:51.239Z] New worker 96215 started to replace dead worker 95318
[2025-03-21T19:31:51.240Z] Worker 95321 died with code 0 and signal null
[2025-03-21T19:31:51.241Z] New worker 96216 started to replace dead worker 95321
[2025-03-21T19:31:51.241Z] Worker 95323 died with code 0 and signal null
[2025-03-21T19:31:51.242Z] New worker 96217 started to replace dead worker 95323
[2025-03-21T19:31:51.243Z] Worker 95324 died with code 0 and signal null
[2025-03-21T19:31:51.243Z] New worker 96218 started to replace dead worker 95324
[2025-03-21T19:31:51.243Z] Worker 95326 died with code 0 and signal null
[2025-03-21T19:31:51.245Z] New worker 96219 started to replace dead worker 95326
[2025-03-21T19:31:51.245Z] Worker 95317 died with code 0 and signal null
[2025-03-21T19:31:51.246Z] New worker 96220 started to replace dead worker 95317
[2025-03-21T19:31:51.247Z] Worker 95319 died with code 0 and signal null
[2025-03-21T19:31:51.248Z] New worker 96221 started to replace dead worker 95319
[2025-03-21T19:31:51.248Z] Worker 95325 died with code 0 and signal null
[2025-03-21T19:31:51.249Z] New worker 96222 started to replace dead worker 95325
[2025-03-21T19:31:53.651Z] Cluster uptime: 390.203379083 seconds with 11 active workers
